{
  "Cucumber Features": {
    "coverage": {
      "/Users/Walker/cs169/women-in-chemistry-initiative/app/controllers/donations_controller.rb": [
        1,
        1,
        null,
        null,
        1,
        2,
        2,
        1,
        1,
        null,
        null,
        null,
        1,
        0,
        0,
        0,
        null,
        null,
        null,
        null,
        0,
        null,
        null,
        null,
        null,
        null,
        null,
        0,
        0,
        null,
        0,
        0,
        null,
        null,
        0,
        0,
        null,
        null,
        1,
        null,
        1,
        2,
        null,
        null,
        null
      ],
      "/Users/Walker/cs169/women-in-chemistry-initiative/app/controllers/application_controller.rb": [
        1,
        1,
        null
      ],
      "/Users/Walker/cs169/women-in-chemistry-initiative/app/helpers/application_helper.rb": [
        1,
        null
      ],
      "/Users/Walker/cs169/women-in-chemistry-initiative/app/models/donation.rb": [
        1,
        1,
        null,
        1,
        null,
        null,
        1,
        null,
        1,
        2,
        null,
        null,
        1,
        1,
        null,
        null
      ],
      "/Users/Walker/cs169/women-in-chemistry-initiative/app/models/event.rb": [
        1,
        1,
        1,
        1,
        null,
        1,
        2,
        null,
        null
      ],
      "/Users/Walker/cs169/women-in-chemistry-initiative/app/models/application_record.rb": [
        1,
        1,
        null
      ],
      "/Users/Walker/cs169/women-in-chemistry-initiative/app/controllers/events_controller.rb": [
        1,
        1,
        null,
        null,
        null,
        1,
        2,
        null,
        null,
        1,
        1,
        null,
        null,
        null,
        null,
        1,
        null,
        null,
        null,
        1,
        0,
        null,
        null,
        null,
        1,
        null,
        null,
        null,
        null,
        1,
        0,
        null,
        0,
        0,
        0,
        0,
        null,
        0,
        0,
        null,
        null,
        null,
        null,
        null,
        null,
        1,
        0,
        0,
        0,
        0,
        null,
        0,
        0,
        null,
        null,
        null,
        null,
        null,
        null,
        1,
        0,
        0,
        0,
        0,
        null,
        null,
        null,
        1,
        null,
        1,
        0,
        null,
        null,
        null,
        1,
        0,
        null,
        null
      ],
      "/Users/Walker/cs169/women-in-chemistry-initiative/app/controllers/home_controller.rb": [
        1,
        1,
        null,
        null
      ],
      "/Users/Walker/cs169/women-in-chemistry-initiative/app/controllers/about_controller.rb": [
        1,
        1,
        null,
        null,
        null
      ]
    },
    "timestamp": 1554860072
  },
  "RSpec": {
    "coverage": {
      "/Users/Walker/cs169/women-in-chemistry-initiative/config/environment.rb": [
        null,
        1,
        null,
        null,
        1
      ],
      "/Users/Walker/cs169/women-in-chemistry-initiative/config/application.rb": [
        1,
        null,
        1,
        null,
        null,
        null,
        1,
        null,
        1,
        1,
        null,
        1,
        null,
        null,
        null,
        null,
        null,
        null
      ],
      "/Users/Walker/cs169/women-in-chemistry-initiative/config/boot.rb": [
        1,
        null,
        1
      ],
      "/Users/Walker/cs169/women-in-chemistry-initiative/config/environments/test.rb": [
        1,
        null,
        null,
        null,
        null,
        null,
        null,
        1,
        null,
        null,
        null,
        null,
        1,
        null,
        null,
        1,
        1,
        null,
        null,
        null,
        null,
        1,
        1,
        null,
        null,
        1,
        null,
        null,
        1,
        1,
        null,
        null,
        null,
        null,
        1,
        null,
        null,
        1,
        null,
        null,
        null,
        null
      ],
      "/Users/Walker/cs169/women-in-chemistry-initiative/config/initializers/application_controller_renderer.rb": [
        null,
        null,
        null,
        null,
        null,
        null,
        null,
        null
      ],
      "/Users/Walker/cs169/women-in-chemistry-initiative/config/initializers/assets.rb": [
        null,
        null,
        null,
        1,
        null,
        null,
        null,
        null,
        1,
        null,
        null,
        null,
        null,
        null
      ],
      "/Users/Walker/cs169/women-in-chemistry-initiative/config/initializers/backtrace_silencers.rb": [
        null,
        null,
        null,
        null,
        null,
        null,
        null
      ],
      "/Users/Walker/cs169/women-in-chemistry-initiative/config/initializers/cookies_serializer.rb": [
        null,
        null,
        null,
        null,
        1
      ],
      "/Users/Walker/cs169/women-in-chemistry-initiative/config/initializers/filter_parameter_logging.rb": [
        null,
        null,
        null,
        1
      ],
      "/Users/Walker/cs169/women-in-chemistry-initiative/config/initializers/inflections.rb": [
        null,
        null,
        null,
        null,
        null,
        null,
        null,
        null,
        null,
        null,
        null,
        null,
        null,
        null,
        null,
        null
      ],
      "/Users/Walker/cs169/women-in-chemistry-initiative/config/initializers/mime_types.rb": [
        null,
        null,
        null,
        null
      ],
      "/Users/Walker/cs169/women-in-chemistry-initiative/config/initializers/stripe.rb": [
        1,
        null,
        null,
        null,
        null,
        1
      ],
      "/Users/Walker/cs169/women-in-chemistry-initiative/config/initializers/wrap_parameters.rb": [
        null,
        null,
        null,
        null,
        null,
        null,
        1,
        2,
        null,
        null,
        null,
        null,
        null,
        null
      ],
      "/Users/Walker/cs169/women-in-chemistry-initiative/spec/factories/event.rb": [
        1,
        1,
        1,
        1,
        1,
        1,
        1,
        null,
        null,
        1,
        1,
        1,
        1,
        1,
        1,
        null,
        null,
        1,
        1,
        1,
        1,
        1,
        1,
        null,
        null
      ],
      "/Users/Walker/cs169/women-in-chemistry-initiative/config/routes.rb": [
        1,
        1,
        1,
        1,
        null,
        1,
        1,
        null,
        1,
        null,
        null
      ],
      "/Users/Walker/cs169/women-in-chemistry-initiative/app/helpers/application_helper.rb": [
        1,
        null
      ],
      "/Users/Walker/cs169/women-in-chemistry-initiative/app/controllers/donations_controller.rb": [
        1,
        1,
        null,
        null,
        1,
        2,
        2,
        1,
        1,
        null,
        null,
        null,
        1,
        3,
        3,
        2,
        null,
        null,
        null,
        null,
        2,
        null,
        null,
        null,
        null,
        null,
        null,
        1,
        1,
        null,
        1,
        1,
        null,
        null,
        1,
        1,
        null,
        null,
        1,
        null,
        1,
        5,
        null,
        null,
        null
      ],
      "/Users/Walker/cs169/women-in-chemistry-initiative/app/controllers/application_controller.rb": [
        1,
        1,
        null
      ],
      "/Users/Walker/cs169/women-in-chemistry-initiative/spec/controllers/event_controller_spec.rb": [
        1,
        null,
        1,
        12,
        12,
        null,
        null,
        1,
        1,
        1,
        1,
        1,
        null,
        null,
        null,
        1,
        1,
        1,
        1,
        1,
        null,
        null,
        null,
        1,
        1,
        1,
        1,
        1,
        null,
        null,
        null,
        1,
        1,
        2,
        2,
        null,
        1,
        1,
        1,
        1,
        null,
        1,
        2,
        2,
        null,
        null,
        null,
        null,
        1,
        1,
        2,
        2,
        null,
        null,
        1,
        1,
        1,
        null,
        null,
        1,
        1,
        1,
        1,
        1,
        null,
        null,
        1,
        1,
        1,
        1,
        null,
        null,
        1,
        2,
        2,
        null,
        null,
        null,
        null
      ],
      "/Users/Walker/cs169/women-in-chemistry-initiative/app/controllers/events_controller.rb": [
        1,
        1,
        null,
        null,
        null,
        1,
        1,
        null,
        null,
        1,
        1,
        null,
        null,
        null,
        null,
        1,
        null,
        null,
        null,
        1,
        1,
        null,
        null,
        null,
        1,
        null,
        null,
        null,
        null,
        1,
        3,
        null,
        3,
        3,
        2,
        1,
        null,
        4,
        2,
        null,
        null,
        null,
        null,
        null,
        null,
        1,
        3,
        3,
        2,
        1,
        null,
        4,
        2,
        null,
        null,
        null,
        null,
        null,
        null,
        1,
        2,
        2,
        4,
        2,
        null,
        null,
        null,
        1,
        null,
        1,
        5,
        null,
        null,
        null,
        1,
        6,
        null,
        null
      ],
      "/Users/Walker/cs169/women-in-chemistry-initiative/spec/model/events_spec.rb": [
        1,
        null,
        1,
        1,
        1,
        null,
        null
      ],
      "/Users/Walker/cs169/women-in-chemistry-initiative/app/models/event.rb": [
        1,
        1,
        1,
        1,
        null,
        1,
        1,
        null,
        null
      ],
      "/Users/Walker/cs169/women-in-chemistry-initiative/app/models/application_record.rb": [
        1,
        1,
        null
      ],
      "/Users/Walker/cs169/women-in-chemistry-initiative/app/models/donation.rb": [
        1,
        1,
        null,
        1,
        null,
        null,
        1,
        null,
        1,
        5,
        null,
        null,
        1,
        2,
        null,
        null
      ]
    },
    "timestamp": 1554859907
  }
}
